<?xml version="1.0" encoding="UTF-8"?>
<!-- Generated by org.testng.reporters.JUnitReportReporter -->
<testsuite hostname="DartlandKitchen" name="ru.st.selenium.NotFoundFilmTest" tests="1" failures="0" timestamp="16 Jun 2015 20:20:03 GMT" time="1.720" errors="0">
  <testcase name="NotFoundFilmTest" time="1.720" classname="ru.st.selenium.NotFoundFilmTest"/>
</testsuite> <!-- ru.st.selenium.NotFoundFilmTest -->
