<?xml version="1.0" encoding="UTF-8"?>
<!-- Generated by org.testng.reporters.JUnitReportReporter -->
<testsuite hostname="Dartland" name="ru.st.selenium.LoginTest" tests="1" failures="0" timestamp="17 Jun 2015 09:29:33 GMT" time="4.361" errors="0">
  <testcase name="LoginTest" time="4.361" classname="ru.st.selenium.LoginTest"/>
</testsuite> <!-- ru.st.selenium.LoginTest -->
