<?xml version="1.0" encoding="UTF-8"?>
<!-- Generated by org.testng.reporters.JUnitReportReporter -->
<testsuite hostname="Dartland" name="ru.st.selenium.NotFoundFilmTest" tests="1" failures="0" timestamp="17 Jun 2015 09:29:33 GMT" time="1.028" errors="0">
  <testcase name="NotFoundFilmTest" time="1.028" classname="ru.st.selenium.NotFoundFilmTest"/>
</testsuite> <!-- ru.st.selenium.NotFoundFilmTest -->
