<?xml version="1.0" encoding="UTF-8"?>
<!-- Generated by org.testng.reporters.JUnitReportReporter -->
<testsuite hostname="DartlandKitchen" name="ru.st.selenium.RemoveFilmTest" tests="1" failures="0" timestamp="13 Jun 2015 19:04:55 GMT" time="4.871" errors="0">
  <testcase name="RemoveFilmTest" time="4.871" classname="ru.st.selenium.RemoveFilmTest"/>
</testsuite> <!-- ru.st.selenium.RemoveFilmTest -->
