<?xml version="1.0" encoding="UTF-8"?>
<!-- Generated by org.testng.reporters.JUnitReportReporter -->
<testsuite hostname="DartlandKitchen" name="ru.st.selenium.FoundFilmTest" tests="1" failures="0" timestamp="16 Jun 2015 20:20:03 GMT" time="3.991" errors="0">
  <testcase name="FoundFilmTest" time="3.991" classname="ru.st.selenium.FoundFilmTest"/>
</testsuite> <!-- ru.st.selenium.FoundFilmTest -->
