<?xml version="1.0" encoding="UTF-8"?>
<!-- Generated by org.testng.reporters.JUnitReportReporter -->
<testsuite hostname="DartlandKitchen" name="ru.st.selenium.AddNewFilmTestPositive" tests="1" failures="0" timestamp="13 Jun 2015 19:04:55 GMT" time="5.910" errors="0">
  <testcase name="AddNewFilmTestPositive" time="5.910" classname="ru.st.selenium.AddNewFilmTestPositive"/>
</testsuite> <!-- ru.st.selenium.AddNewFilmTestPositive -->
