<?xml version="1.0" encoding="UTF-8"?>
<!-- Generated by org.testng.reporters.JUnitReportReporter -->
<testsuite hostname="Dartland" name="ru.st.selenium.LoginTest" tests="1" failures="0" timestamp="24 Jun 2015 10:16:06 GMT" time="2.837" errors="0">
  <testcase name="LoginTest" time="2.837" classname="ru.st.selenium.LoginTest"/>
</testsuite> <!-- ru.st.selenium.LoginTest -->
