<?xml version="1.0" encoding="UTF-8"?>
<!-- Generated by org.testng.reporters.JUnitReportReporter -->
<testsuite hostname="Dartland" name="ru.st.selenium.NotFoundFilmTest" tests="1" failures="0" timestamp="24 Jun 2015 10:16:06 GMT" time="0.894" errors="0">
  <testcase name="NotFoundFilmTest" time="0.894" classname="ru.st.selenium.NotFoundFilmTest"/>
</testsuite> <!-- ru.st.selenium.NotFoundFilmTest -->
