<?xml version="1.0" encoding="UTF-8"?>
<!-- Generated by org.testng.reporters.JUnitReportReporter -->
<testsuite hostname="Dartland" name="ru.st.selenium.FoundFilmTest" tests="1" failures="0" timestamp="19 Jun 2015 14:03:18 GMT" time="0.711" errors="0">
  <testcase name="FoundFilmTest" time="0.711" classname="ru.st.selenium.FoundFilmTest"/>
</testsuite> <!-- ru.st.selenium.FoundFilmTest -->
