<?xml version="1.0" encoding="UTF-8"?>
<!-- Generated by org.testng.reporters.JUnitReportReporter -->
<testsuite hostname="DartlandKitchen" name="ru.st.selenium.FoundFilmTest" tests="1" failures="0" timestamp="23 Jun 2015 21:18:22 GMT" time="2.829" errors="0">
  <testcase name="FoundFilmTest" time="2.829" classname="ru.st.selenium.FoundFilmTest"/>
</testsuite> <!-- ru.st.selenium.FoundFilmTest -->
