<?xml version="1.0" encoding="UTF-8"?>
<!-- Generated by org.testng.reporters.JUnitReportReporter -->
<testsuite hostname="DartlandKitchen" name="ru.st.selenium.NotFoundFilmTest" tests="1" failures="0" timestamp="14 Jun 2015 11:37:27 GMT" time="1.696" errors="0">
  <testcase name="NotFoundFilmTest" time="1.696" classname="ru.st.selenium.NotFoundFilmTest"/>
</testsuite> <!-- ru.st.selenium.NotFoundFilmTest -->
