<?xml version="1.0" encoding="UTF-8"?>
<!-- Generated by org.testng.reporters.JUnitReportReporter -->
<testsuite hostname="Dartland" name="ru.st.selenium.LoginTest" tests="1" failures="0" timestamp="19 Jun 2015 14:03:18 GMT" time="3.916" errors="0">
  <testcase name="LoginTest" time="3.916" classname="ru.st.selenium.LoginTest"/>
</testsuite> <!-- ru.st.selenium.LoginTest -->
