<?xml version="1.0" encoding="UTF-8"?>
<!-- Generated by org.testng.reporters.JUnitReportReporter -->
<testsuite hostname="Dartland" name="ru.st.selenium.FoundFilmTest" tests="1" failures="0" timestamp="24 Jun 2015 10:16:06 GMT" time="0.919" errors="0">
  <testcase name="FoundFilmTest" time="0.919" classname="ru.st.selenium.FoundFilmTest"/>
</testsuite> <!-- ru.st.selenium.FoundFilmTest -->
